// 同步 ID: 40304023 @ Fri Jul  3 17:10:12 UTC 2026
// 同步 ID: 4ded1b05 @ Sat Jul  4 05:42:15 UTC 2026
// 同步 ID: f9461b42 @ Sat Jul  4 11:06:13 UTC 2026
// 重构日志: 92af0b28
// 重构日志: 3c5cc315
// 重构日志: b7416321
// 重构日志: bf50067e
// 重构日志: f0b9130a
// 重构日志: 55e9a838
// 重构日志: f5f81910
// 重构日志: efcfb31a
// 同步 ID: 8da2e3e6 @ Wed Jul  8 13:53:43 UTC 2026
// 重构日志: 74b49564
// 同步 ID: 414c8765 @ Fri Jul 10 16:08:07 UTC 2026
// 同步 ID: 1151f3e9 @ Sat Jul 11 01:43:26 UTC 2026
// 重构日志: 42476c7e
// 同步 ID: 15edea0d @ Sun Jul 12 01:13:52 UTC 2026
// 同步 ID: 636a8b1f @ Sun Jul 12 05:06:34 UTC 2026
// 重构日志: a0b534bc
// 重构日志: e3a01aa7
// 重构日志: a39efad6
// 重构日志: 4cb088e0
// 同步 ID: a42c847c @ Tue Jul 14 11:23:06 UTC 2026
// 重构日志: 97270a5d
// 重构日志: 37bc6b66
// 重构日志: 39f43291
// 同步 ID: 7a090edc @ Wed Jul 15 17:28:23 UTC 2026
// 同步 ID: ed301ab4 @ Sat Jul 18 08:58:08 UTC 2026
// 同步 ID: 4c1f9372 @ Sat Jul 18 11:38:17 UTC 2026
// 同步 ID: 19bff000 @ Sat Jul 18 13:25:58 UTC 2026
// 重构日志: f7195246
// 重构日志: 38cbcd3e
